{
  "0 debug pnpm:scope": {
    "selected": 1,
    "workspacePrefix": "/Users/Davay/Documents/ФРУКТ/DeFUCC/gun-vue"
  },
  "1 warn pnpm": {
    "message": "Unsupported engine: wanted: {\"node\":\"16.x\"} (current: {\"node\":\"v14.16.1\",\"pnpm\":\"6.22.2\"})",
    "prefix": "/Users/Davay/Documents/ФРУКТ/DeFUCC/gun-vue/demo"
  },
  "2 error pnpm": {
    "code": "ELIFECYCLE",
    "errno": "ENOENT",
    "syscall": "spawn",
    "file": "sh",
    "pkgid": "@gun-vue/demo@0.2.7",
    "stage": "dev",
    "script": "vite --host",
    "pkgname": "@gun-vue/demo",
    "err": {
      "name": "pnpm",
      "message": "@gun-vue/demo@0.2.7 dev: `vite --host`\nspawn ENOENT",
      "code": "ELIFECYCLE",
      "stack": "pnpm: @gun-vue/demo@0.2.7 dev: `vite --host`\nspawn ENOENT\n    at ChildProcess.<anonymous> (/usr/local/pnpm-global/5/node_modules/.pnpm/pnpm@6.22.2/node_modules/pnpm/dist/pnpm.cjs:91330:22)\n    at ChildProcess.emit (events.js:315:20)\n    at maybeClose (internal/child_process.js:1048:16)\n    at Process.ChildProcess._handle.onexit (internal/child_process.js:288:5)"
    }
  },
  "3 warn pnpm:global": " Local package.json exists, but node_modules missing, did you mean to install?"
}