{
  "0 debug pnpm:scope": {
    "selected": 1,
    "workspacePrefix": "/Users/Davay/Documents/ФРУКТ/DeFUCC/gun-vue"
  },
  "1 error pnpm": {
    "code": "ELIFECYCLE",
    "errno": "ENOENT",
    "syscall": "spawn",
    "file": "sh",
    "pkgid": "@gun-vue/site@0.5.4",
    "stage": "build",
    "script": "npm run doc && vitepress build",
    "pkgname": "@gun-vue/site",
    "err": {
      "name": "pnpm",
      "message": "@gun-vue/site@0.5.4 build: `npm run doc && vitepress build`\nspawn ENOENT",
      "code": "ELIFECYCLE",
      "stack": "pnpm: @gun-vue/site@0.5.4 build: `npm run doc && vitepress build`\nspawn ENOENT\n    at ChildProcess.<anonymous> (/usr/local/pnpm-global/5/node_modules/.pnpm/pnpm@6.22.2/node_modules/pnpm/dist/pnpm.cjs:91330:22)\n    at ChildProcess.emit (node:events:390:28)\n    at maybeClose (node:internal/child_process:1064:16)\n    at Process.ChildProcess._handle.onexit (node:internal/child_process:301:5)"
    }
  },
  "2 warn pnpm:global": " Local package.json exists, but node_modules missing, did you mean to install?"
}